<?xml version="1.0" encoding="UTF-8"?>
<testsuite xmlns:xsi="http://www.w3.org/2001/XMLSchema-instance" xsi:noNamespaceSchemaLocation="https://maven.apache.org/surefire/maven-surefire-plugin/xsd/surefire-test-report.xsd" name="ar.edu.unlp.objectos.uno.ejercicio6_GenealogiaSalvaje.MamiferoTest" time="0.224" tests="10" errors="2" skipped="0" failures="0">
  <properties>
    <property name="sun.desktop" value="windows"/>
    <property name="awt.toolkit" value="sun.awt.windows.WToolkit"/>
    <property name="file.encoding.pkg" value="sun.io"/>
    <property name="java.specification.version" value="1.8"/>
    <property name="sun.cpu.isalist" value=""/>
    <property name="sun.jnu.encoding" value="Cp1252"/>
    <property name="java.class.path" value="C:\Users\Martin\eclipse-workspace\ejercicio6-GenealogiaSalvaje\target\test-classes;C:\Users\Martin\eclipse-workspace\ejercicio6-GenealogiaSalvaje\target\classes;C:\Users\Martin\.m2\repository\org\junit\jupiter\junit-jupiter-api\5.7.2\junit-jupiter-api-5.7.2.jar;C:\Users\Martin\.m2\repository\org\apiguardian\apiguardian-api\1.1.0\apiguardian-api-1.1.0.jar;C:\Users\Martin\.m2\repository\org\opentest4j\opentest4j\1.2.0\opentest4j-1.2.0.jar;C:\Users\Martin\.m2\repository\org\junit\platform\junit-platform-commons\1.7.2\junit-platform-commons-1.7.2.jar;C:\Users\Martin\.m2\repository\org\junit\jupiter\junit-jupiter-engine\5.7.2\junit-jupiter-engine-5.7.2.jar;C:\Users\Martin\.m2\repository\org\junit\platform\junit-platform-engine\1.7.2\junit-platform-engine-1.7.2.jar;"/>
    <property name="java.vm.vendor" value="Oracle Corporation"/>
    <property name="sun.arch.data.model" value="32"/>
    <property name="user.variant" value=""/>
    <property name="java.vendor.url" value="http://java.oracle.com/"/>
    <property name="user.timezone" value="America/Buenos_Aires"/>
    <property name="java.vm.specification.version" value="1.8"/>
    <property name="os.name" value="Windows 7"/>
    <property name="user.country" value="ES"/>
    <property name="sun.java.launcher" value="SUN_STANDARD"/>
    <property name="sun.boot.library.path" value="C:\Program Files\Java\jdk-1.8\jre\bin"/>
    <property name="sun.java.command" value="C:\Users\Martin\AppData\Local\Temp\surefire2141852938942906108\surefirebooter2364931815198124675.jar C:\Users\Martin\AppData\Local\Temp\surefire2141852938942906108 2024-09-19T10-13-27_296-jvmRun1 surefire4474686293207013538tmp surefire_02441410876487748001tmp"/>
    <property name="surefire.test.class.path" value="C:\Users\Martin\eclipse-workspace\ejercicio6-GenealogiaSalvaje\target\test-classes;C:\Users\Martin\eclipse-workspace\ejercicio6-GenealogiaSalvaje\target\classes;C:\Users\Martin\.m2\repository\org\junit\jupiter\junit-jupiter-api\5.7.2\junit-jupiter-api-5.7.2.jar;C:\Users\Martin\.m2\repository\org\apiguardian\apiguardian-api\1.1.0\apiguardian-api-1.1.0.jar;C:\Users\Martin\.m2\repository\org\opentest4j\opentest4j\1.2.0\opentest4j-1.2.0.jar;C:\Users\Martin\.m2\repository\org\junit\platform\junit-platform-commons\1.7.2\junit-platform-commons-1.7.2.jar;C:\Users\Martin\.m2\repository\org\junit\jupiter\junit-jupiter-engine\5.7.2\junit-jupiter-engine-5.7.2.jar;C:\Users\Martin\.m2\repository\org\junit\platform\junit-platform-engine\1.7.2\junit-platform-engine-1.7.2.jar;"/>
    <property name="sun.cpu.endian" value="little"/>
    <property name="user.home" value="C:\Users\Martin"/>
    <property name="user.language" value="es"/>
    <property name="java.specification.vendor" value="Oracle Corporation"/>
    <property name="java.home" value="C:\Program Files\Java\jdk-1.8\jre"/>
    <property name="basedir" value="C:\Users\Martin\eclipse-workspace\ejercicio6-GenealogiaSalvaje"/>
    <property name="file.separator" value="\"/>
    <property name="line.separator" value="&#10;"/>
    <property name="java.vm.specification.vendor" value="Oracle Corporation"/>
    <property name="java.specification.name" value="Java Platform API Specification"/>
    <property name="java.awt.graphicsenv" value="sun.awt.Win32GraphicsEnvironment"/>
    <property name="surefire.real.class.path" value="C:\Users\Martin\AppData\Local\Temp\surefire2141852938942906108\surefirebooter2364931815198124675.jar"/>
    <property name="sun.boot.class.path" value="C:\Program Files\Java\jdk-1.8\jre\lib\resources.jar;C:\Program Files\Java\jdk-1.8\jre\lib\rt.jar;C:\Program Files\Java\jdk-1.8\jre\lib\jsse.jar;C:\Program Files\Java\jdk-1.8\jre\lib\jce.jar;C:\Program Files\Java\jdk-1.8\jre\lib\charsets.jar;C:\Program Files\Java\jdk-1.8\jre\lib\jfr.jar;C:\Program Files\Java\jdk-1.8\jre\classes"/>
    <property name="user.script" value=""/>
    <property name="sun.management.compiler" value="HotSpot Client Compiler"/>
    <property name="java.runtime.version" value="1.8.0_381-b09"/>
    <property name="user.name" value="Martin"/>
    <property name="path.separator" value=";"/>
    <property name="os.version" value="6.1"/>
    <property name="java.endorsed.dirs" value="C:\Program Files\Java\jdk-1.8\jre\lib\endorsed"/>
    <property name="java.runtime.name" value="Java(TM) SE Runtime Environment"/>
    <property name="file.encoding" value="Cp1252"/>
    <property name="java.vm.name" value="Java HotSpot(TM) Client VM"/>
    <property name="localRepository" value="C:\Users\Martin\.m2\repository"/>
    <property name="java.vendor.url.bug" value="http://bugreport.sun.com/bugreport/"/>
    <property name="java.io.tmpdir" value="C:\Users\Martin\AppData\Local\Temp\"/>
    <property name="java.version" value="1.8.0_381"/>
    <property name="user.dir" value="C:\Users\Martin\eclipse-workspace\ejercicio6-GenealogiaSalvaje"/>
    <property name="os.arch" value="x86"/>
    <property name="java.vm.specification.name" value="Java Virtual Machine Specification"/>
    <property name="java.awt.printerjob" value="sun.awt.windows.WPrinterJob"/>
    <property name="sun.os.patch.level" value="Service Pack 1"/>
    <property name="java.library.path" value="C:\Program Files\Java\jdk-1.8\jre\bin;C:\Windows\Sun\Java\bin;C:\Windows\system32;C:\Windows;C:\Users\Martin\bin;C:\Program Files\Git\mingw32\bin;C:\Program Files\Git\usr\local\bin;C:\Program Files\Git\usr\bin;C:\Program Files\Git\usr\bin;C:\Program Files\Git\mingw32\bin;C:\Program Files\Git\usr\bin;C:\Users\Martin\bin;C:\Windows\system32;C:\Windows;C:\Windows\System32\Wbem;C:\Windows\System32\WindowsPowerShell\v1.0;C:\Users\Martin\Desktop\FACULTAD FRAN\Segundo año\Seminario\Composer;C:\php;C:\curl;C:\Program Files\Java\jdk-1.8\bin;C:\Program Files\Autodesk\Backburner;C:\Program Files\Common Files\Autodesk Shared;C:\Program Files\Git\cmd;C:\Users\Martin\Desktop\FACULTAD FRAN\Segundo año\apache-maven-3.8.6\bin;C:\Users\Martin\.dotnet\tools;C:\Users\Martin\AppData\Local\Programs\Microsoft VS Code\bin;C:\Users\Martin\AppData\Roaming\Composer\vendor\bin;C:\Users\USER\AppData\Local\Programs\Microsoft VS Code\bin;C:\node32;C:\Program Files\Java\jdk-1.8\bin;C:\Program Files\Git\usr\bin\vendor_perl;C:\Program Files\Git\usr\bin\core_perl;."/>
    <property name="java.vm.info" value="mixed mode, sharing"/>
    <property name="java.vendor" value="Oracle Corporation"/>
    <property name="java.vm.version" value="25.381-b09"/>
    <property name="java.specification.maintenance.version" value="5"/>
    <property name="java.ext.dirs" value="C:\Program Files\Java\jdk-1.8\jre\lib\ext;C:\Windows\Sun\Java\lib\ext"/>
    <property name="sun.io.unicode.encoding" value="UnicodeLittle"/>
    <property name="java.class.version" value="52.0"/>
  </properties>
  <testcase name="testEspecie" classname="ar.edu.unlp.objectos.uno.ejercicio6_GenealogiaSalvaje.MamiferoTest" time="0.068"/>
  <testcase name="testIdentificador" classname="ar.edu.unlp.objectos.uno.ejercicio6_GenealogiaSalvaje.MamiferoTest" time="0.001"/>
  <testcase name="testAbuelaMaterna" classname="ar.edu.unlp.objectos.uno.ejercicio6_GenealogiaSalvaje.MamiferoTest" time="0.003"/>
  <testcase name="testMadre" classname="ar.edu.unlp.objectos.uno.ejercicio6_GenealogiaSalvaje.MamiferoTest" time="0.003"/>
  <testcase name="testPadre" classname="ar.edu.unlp.objectos.uno.ejercicio6_GenealogiaSalvaje.MamiferoTest" time="0.002"/>
  <testcase name="testAbueloPaterno" classname="ar.edu.unlp.objectos.uno.ejercicio6_GenealogiaSalvaje.MamiferoTest" time="0.002"/>
  <testcase name="testTieneComoAncestroA" classname="ar.edu.unlp.objectos.uno.ejercicio6_GenealogiaSalvaje.MamiferoTest" time="0.015">
    <error type="java.lang.NullPointerException">java.lang.NullPointerException
	at ar.edu.unlp.objectos.uno.ejercicio6_GenealogiaSalvaje.MamiferoTest.testTieneComoAncestroA(MamiferoTest.java:98)
</error>
  </testcase>
  <testcase name="testAbuelaPaterna" classname="ar.edu.unlp.objectos.uno.ejercicio6_GenealogiaSalvaje.MamiferoTest" time="0.002"/>
  <testcase name="testAbueloMaterno" classname="ar.edu.unlp.objectos.uno.ejercicio6_GenealogiaSalvaje.MamiferoTest" time="0.002"/>
  <testcase name="testTieneComoAncestroAsimetrico" classname="ar.edu.unlp.objectos.uno.ejercicio6_GenealogiaSalvaje.MamiferoTest" time="0.009">
    <error type="java.lang.NullPointerException">java.lang.NullPointerException
	at ar.edu.unlp.objectos.uno.ejercicio6_GenealogiaSalvaje.MamiferoTest.testTieneComoAncestroAsimetrico(MamiferoTest.java:122)
</error>
  </testcase>
</testsuite>